INFO:absl:MUJOCO_GL is not set, so an OpenGL backend will be chosen automatically.
INFO:absl:Failed to import OpenGL backend: glfw
WARNING:OpenGL.acceleratesupport:Incompatible version of OpenGL_accelerate found, need at least (3, 1, 5) found (3, 1, 4)
INFO:OpenGL.acceleratesupport:No OpenGL_accelerate module loaded: Old version of OpenGL_accelerate
INFO:absl:Successfully imported OpenGL backend: egl
INFO:absl:MuJoCo library version is: 200
2020-06-22 17:07:18,713	INFO resource_spec.py:212 -- Starting Ray with 18.02 GiB memory available for workers and up to 9.02 GiB for objects. You can adjust these settings with ray.init(memory=<bytes>, object_store_memory=<bytes>).
2020-06-22 17:07:19,137	INFO web_server.py:239 -- Starting Tune Server...
== Status ==
Memory usage on this node: 2.0/31.3 GiB
Using FIFO scheduling algorithm.
Resources requested: 3/12 CPUs, 1.0/1 GPUs, 0.0/18.02 GiB heap, 0.0/6.2 GiB objects
Result logdir: /home/externalhardrive/ray_results/gym/Locobot/NavigationVacuumRNDPerturbation-v0/2020-06-22T17-07-18-locobot-navigation-vacuum-rnd-perturbation-test
Number of trials: 1 (1 RUNNING)
+--------------------+----------+-------+--------------------------------------+-----------------------------------------------------------------------------------------------------------------------------------------------------------------------------------------------------------------------------------------------------------------+----------------------------------------------+-----------------------------------------------------------+--------------------------------------------------------+---------------------------------------------------+----------------------------------------+-----------------------------------+-------------------+
| Trial name         | status   | loc   | Q_params/config/hidden_layer_sizes   | Q_params/config/preprocessors                                                                                                                                                                                                                                   |   algorithm_params/config/num_warmup_samples |   perturbation_algorithm_params/config/num_warmup_samples | perturbation_policy_params/config/hidden_layer_sizes   | perturbation_policy_params/config/preprocessors   | rnd_params/config/hidden_layer_sizes   | rnd_params/config/preprocessors   |   run_params/seed |
|--------------------+----------+-------+--------------------------------------+-----------------------------------------------------------------------------------------------------------------------------------------------------------------------------------------------------------------------------------------------------------------+----------------------------------------------+-----------------------------------------------------------+--------------------------------------------------------+---------------------------------------------------+----------------------------------------+-----------------------------------+-------------------|
| id=00000-seed=9736 | RUNNING  |       | (512, 512)                           | ({'pixels': {'class_name': 'convnet_preprocessor', 'config': {'conv_filters': (64, 64, 64), 'conv_kernel_sizes': (3, 3, 3), 'conv_strides': (2, 2, 2), 'normalization_type': None, 'downsampling_type': 'conv', 'name': 'convnet_preprocessor_pixels'}}}, None) |                                         1000 |                                                      1000 | (512, 512)                                             |                                                   | (512, 512)                             |                                   |              9736 |
+--------------------+----------+-------+--------------------------------------+-----------------------------------------------------------------------------------------------------------------------------------------------------------------------------------------------------------------------------------------------------------------+----------------------------------------------+-----------------------------------------------------------+--------------------------------------------------------+---------------------------------------------------+----------------------------------------+-----------------------------------+-------------------+


[2m[36m(pid=11806)[0m WARNING:OpenGL.acceleratesupport:Incompatible version of OpenGL_accelerate found, need at least (3, 1, 5) found (3, 1, 4)
[2m[36m(pid=11806)[0m 2020-06-22 17:07:21.989439: I tensorflow/stream_executor/platform/default/dso_loader.cc:44] Successfully opened dynamic library libcuda.so.1
[2m[36m(pid=11806)[0m 2020-06-22 17:07:22.010475: I tensorflow/core/common_runtime/gpu/gpu_device.cc:1561] Found device 0 with properties: 
[2m[36m(pid=11806)[0m pciBusID: 0000:01:00.0 name: GeForce GTX 1080 computeCapability: 6.1
[2m[36m(pid=11806)[0m coreClock: 1.7335GHz coreCount: 20 deviceMemorySize: 7.93GiB deviceMemoryBandwidth: 298.32GiB/s
[2m[36m(pid=11806)[0m 2020-06-22 17:07:22.010664: I tensorflow/stream_executor/platform/default/dso_loader.cc:44] Successfully opened dynamic library libcudart.so.10.1
[2m[36m(pid=11806)[0m 2020-06-22 17:07:22.012005: I tensorflow/stream_executor/platform/default/dso_loader.cc:44] Successfully opened dynamic library libcublas.so.10
[2m[36m(pid=11806)[0m 2020-06-22 17:07:22.013172: I tensorflow/stream_executor/platform/default/dso_loader.cc:44] Successfully opened dynamic library libcufft.so.10
[2m[36m(pid=11806)[0m 2020-06-22 17:07:22.013361: I tensorflow/stream_executor/platform/default/dso_loader.cc:44] Successfully opened dynamic library libcurand.so.10
[2m[36m(pid=11806)[0m 2020-06-22 17:07:22.014566: I tensorflow/stream_executor/platform/default/dso_loader.cc:44] Successfully opened dynamic library libcusolver.so.10
[2m[36m(pid=11806)[0m 2020-06-22 17:07:22.015242: I tensorflow/stream_executor/platform/default/dso_loader.cc:44] Successfully opened dynamic library libcusparse.so.10
[2m[36m(pid=11806)[0m 2020-06-22 17:07:22.017910: I tensorflow/stream_executor/platform/default/dso_loader.cc:44] Successfully opened dynamic library libcudnn.so.7
[2m[36m(pid=11806)[0m 2020-06-22 17:07:22.019611: I tensorflow/core/common_runtime/gpu/gpu_device.cc:1703] Adding visible gpu devices: 0
[2m[36m(pid=11806)[0m 2020-06-22 17:07:22.020035: I tensorflow/core/platform/cpu_feature_guard.cc:143] Your CPU supports instructions that this TensorFlow binary was not compiled to use: AVX2 FMA
[2m[36m(pid=11806)[0m Using seed 9736
[2m[36m(pid=11806)[0m 2020-06-22 17:07:22.026371: I tensorflow/core/platform/profile_utils/cpu_utils.cc:102] CPU Frequency: 3306060000 Hz
[2m[36m(pid=11806)[0m 2020-06-22 17:07:22.026954: I tensorflow/compiler/xla/service/service.cc:168] XLA service 0x561bcdc6a2a0 initialized for platform Host (this does not guarantee that XLA will be used). Devices:
[2m[36m(pid=11806)[0m 2020-06-22 17:07:22.026969: I tensorflow/compiler/xla/service/service.cc:176]   StreamExecutor device (0): Host, Default Version
[2m[36m(pid=11806)[0m 2020-06-22 17:07:22.027873: I tensorflow/core/common_runtime/gpu/gpu_device.cc:1561] Found device 0 with properties: 
[2m[36m(pid=11806)[0m pciBusID: 0000:01:00.0 name: GeForce GTX 1080 computeCapability: 6.1
[2m[36m(pid=11806)[0m coreClock: 1.7335GHz coreCount: 20 deviceMemorySize: 7.93GiB deviceMemoryBandwidth: 298.32GiB/s
[2m[36m(pid=11806)[0m 2020-06-22 17:07:22.027905: I tensorflow/stream_executor/platform/default/dso_loader.cc:44] Successfully opened dynamic library libcudart.so.10.1
[2m[36m(pid=11806)[0m 2020-06-22 17:07:22.027920: I tensorflow/stream_executor/platform/default/dso_loader.cc:44] Successfully opened dynamic library libcublas.so.10
[2m[36m(pid=11806)[0m 2020-06-22 17:07:22.027934: I tensorflow/stream_executor/platform/default/dso_loader.cc:44] Successfully opened dynamic library libcufft.so.10
[2m[36m(pid=11806)[0m 2020-06-22 17:07:22.027947: I tensorflow/stream_executor/platform/default/dso_loader.cc:44] Successfully opened dynamic library libcurand.so.10
[2m[36m(pid=11806)[0m 2020-06-22 17:07:22.027960: I tensorflow/stream_executor/platform/default/dso_loader.cc:44] Successfully opened dynamic library libcusolver.so.10
[2m[36m(pid=11806)[0m 2020-06-22 17:07:22.027973: I tensorflow/stream_executor/platform/default/dso_loader.cc:44] Successfully opened dynamic library libcusparse.so.10
[2m[36m(pid=11806)[0m 2020-06-22 17:07:22.027986: I tensorflow/stream_executor/platform/default/dso_loader.cc:44] Successfully opened dynamic library libcudnn.so.7
[2m[36m(pid=11806)[0m 2020-06-22 17:07:22.029227: I tensorflow/core/common_runtime/gpu/gpu_device.cc:1703] Adding visible gpu devices: 0
[2m[36m(pid=11806)[0m 2020-06-22 17:07:22.029260: I tensorflow/stream_executor/platform/default/dso_loader.cc:44] Successfully opened dynamic library libcudart.so.10.1
[2m[36m(pid=11806)[0m 2020-06-22 17:07:22.100491: I tensorflow/core/common_runtime/gpu/gpu_device.cc:1102] Device interconnect StreamExecutor with strength 1 edge matrix:
[2m[36m(pid=11806)[0m 2020-06-22 17:07:22.100519: I tensorflow/core/common_runtime/gpu/gpu_device.cc:1108]      0 
[2m[36m(pid=11806)[0m 2020-06-22 17:07:22.100532: I tensorflow/core/common_runtime/gpu/gpu_device.cc:1121] 0:   N 
[2m[36m(pid=11806)[0m 2020-06-22 17:07:22.102496: I tensorflow/core/common_runtime/gpu/gpu_device.cc:1247] Created TensorFlow device (/job:localhost/replica:0/task:0/device:GPU:0 with 7229 MB memory) -> physical GPU (device: 0, name: GeForce GTX 1080, pci bus id: 0000:01:00.0, compute capability: 6.1)
[2m[36m(pid=11806)[0m 2020-06-22 17:07:22.104229: I tensorflow/compiler/xla/service/service.cc:168] XLA service 0x561bce3becf0 initialized for platform CUDA (this does not guarantee that XLA will be used). Devices:
[2m[36m(pid=11806)[0m 2020-06-22 17:07:22.104243: I tensorflow/compiler/xla/service/service.cc:176]   StreamExecutor device (0): GeForce GTX 1080, Compute Capability 6.1
[2m[36m(pid=11806)[0m 2020-06-22 17:07:22,105	INFO trainable.py:217 -- Getting current IP.
[2m[36m(pid=11806)[0m 1 Physical GPUs, 1 Logical GPUs
[2m[36m(pid=11806)[0m 
[2m[36m(pid=11806)[0m GymAdapter params:
[2m[36m(pid=11806)[0m {'args': (),
[2m[36m(pid=11806)[0m  'domain': 'Locobot',
[2m[36m(pid=11806)[0m  'env': None,
[2m[36m(pid=11806)[0m  'goal_keys': (),
[2m[36m(pid=11806)[0m  'kwargs': {'image_size': 100,
[2m[36m(pid=11806)[0m             'is_training': True,
[2m[36m(pid=11806)[0m             'max_ep_len': inf,
[2m[36m(pid=11806)[0m             'max_velocity': 20.0,
[2m[36m(pid=11806)[0m             'renders': False,
[2m[36m(pid=11806)[0m             'room_name': 'simple',
[2m[36m(pid=11806)[0m             'room_params': {'no_spawn_radius': 0.55,
[2m[36m(pid=11806)[0m                             'num_objects': 100,
[2m[36m(pid=11806)[0m                             'object_name': 'greensquareball',
[2m[36m(pid=11806)[0m                             'wall_size': 5.0},
[2m[36m(pid=11806)[0m             'steps_per_second': 2,
[2m[36m(pid=11806)[0m             'trajectory_log_dir': '/home/externalhardrive/RAIL/mobilemanipulation-tf2/nohup_output/nav_vacuum_rnd_perturbation_edison_1_traj/',
[2m[36m(pid=11806)[0m             'trajectory_log_freq': 1000},
[2m[36m(pid=11806)[0m  'normalize': True,
[2m[36m(pid=11806)[0m  'observation_keys': (),
[2m[36m(pid=11806)[0m  'pixel_wrapper_kwargs': {'pixels_only': False},
[2m[36m(pid=11806)[0m  'reset_free': True,
[2m[36m(pid=11806)[0m  'self': <softlearning.environments.adapters.gym_adapter.GymAdapter object at 0x7fb7347644d0>,
[2m[36m(pid=11806)[0m  'task': 'NavigationVacuumRNDPerturbation-v0',
[2m[36m(pid=11806)[0m  'unwrap_time_limit': True}
[2m[36m(pid=11806)[0m 
[2m[36m(pid=11806)[0m 
[2m[36m(pid=11806)[0m LocobotInterface params:
[2m[36m(pid=11806)[0m {'action_dim': 2,
[2m[36m(pid=11806)[0m  'action_space': DiscreteBox(OrderedDict([('move', 2), ('vacuum', 0)])),
[2m[36m(pid=11806)[0m  'camera_fov': 55,
[2m[36m(pid=11806)[0m  'camera_look_pos': array([0.5, 0. , 0.2]),
[2m[36m(pid=11806)[0m  'down_quat': array([0.        , 0.70710678, 0.        , 0.70710678]),
[2m[36m(pid=11806)[0m  'grayscale': False,
[2m[36m(pid=11806)[0m  'image_size': 100,
[2m[36m(pid=11806)[0m  'is_training': True,
[2m[36m(pid=11806)[0m  'max_acceleration': 4.0,
[2m[36m(pid=11806)[0m  'max_ep_len': inf,
[2m[36m(pid=11806)[0m  'max_velocity': 20.0,
[2m[36m(pid=11806)[0m  'observation_space': Dict(current_velocity:Box(2,)),
[2m[36m(pid=11806)[0m  'perturbation_params': {'env': <softlearning.environments.gym.locobot.nav_grasp_envs.LocobotNavigationVacuumRNDPerturbationEnv object at 0x7fb734b7c890>},
[2m[36m(pid=11806)[0m  'pregrasp_pos': array([0.42 , 0.   , 0.185]),
[2m[36m(pid=11806)[0m  'renders': False,
[2m[36m(pid=11806)[0m  'replace_grasped_object': False,
[2m[36m(pid=11806)[0m  'rnd_batch_size': 50,
[2m[36m(pid=11806)[0m  'rnd_lr': 0.0001,
[2m[36m(pid=11806)[0m  'rnd_min_samples_before_train': 200,
[2m[36m(pid=11806)[0m  'rnd_train_frequency': 5,
[2m[36m(pid=11806)[0m  'room_name': 'simple',
[2m[36m(pid=11806)[0m  'room_params': {'no_spawn_radius': 0.55,
[2m[36m(pid=11806)[0m                  'num_objects': 100,
[2m[36m(pid=11806)[0m                  'object_name': 'greensquareball',
[2m[36m(pid=11806)[0m                  'wall_size': 5.0},
[2m[36m(pid=11806)[0m  'self': <softlearning.environments.gym.locobot.locobot_interface.PybulletInterface object at 0x7fb60024d050>,
[2m[36m(pid=11806)[0m  'start_arm_joints': array([ 0.  , -1.3 ,  1.58,  0.8 ]),
[2m[36m(pid=11806)[0m  'step_duration': 0.016666666666666666,
[2m[36m(pid=11806)[0m  'steps_per_second': 2,
[2m[36m(pid=11806)[0m  'trajectory_log_dir': '/home/externalhardrive/RAIL/mobilemanipulation-tf2/nohup_output/nav_vacuum_rnd_perturbation_edison_1_traj/',
[2m[36m(pid=11806)[0m  'trajectory_log_freq': 1000,
[2m[36m(pid=11806)[0m  'urdf_name': 'locobot'}
[2m[36m(pid=11806)[0m 
[2m[36m(pid=11806)[0m options= 
[2m[36m(pid=11806)[0m pybullet build time: Apr 14 2020 20:57:34
[2m[36m(pid=11806)[0m argv[0]=
[2m[36m(pid=11806)[0m b3Warning[examples/Importers/ImportURDFDemo/BulletUrdfImporter.cpp,126]:
[2m[36m(pid=11806)[0m No inertial data for link, using mass=1, localinertiadiagonal = 1,1,1, identity local inertial frameb3Warning[examples/Importers/ImportURDFDemo/BulletUrdfImporter.cpp,126]:
[2m[36m(pid=11806)[0m base_footprint
[2m[36m(pid=11806)[0m 
[2m[36m(pid=11806)[0m LocobotBaseEnv params:
[2m[36m(pid=11806)[0m {'action_dim': 2,
[2m[36m(pid=11806)[0m  'action_space': DiscreteBox(OrderedDict([('move', 2), ('vacuum', 0)])),
[2m[36m(pid=11806)[0m  'camera_fov': 55,
[2m[36m(pid=11806)[0m  'camera_look_pos': array([0.5, 0. , 0.2]),
[2m[36m(pid=11806)[0m  'down_quat': array([0.        , 0.70710678, 0.        , 0.70710678]),
[2m[36m(pid=11806)[0m  'grayscale': False,
[2m[36m(pid=11806)[0m  'image_size': 100,
[2m[36m(pid=11806)[0m  'is_training': True,
[2m[36m(pid=11806)[0m  'max_acceleration': 4.0,
[2m[36m(pid=11806)[0m  'max_ep_len': inf,
[2m[36m(pid=11806)[0m  'max_velocity': 20.0,
[2m[36m(pid=11806)[0m  'observation_space': Dict(current_velocity:Box(2,)),
[2m[36m(pid=11806)[0m  'perturbation_params': {'env': <softlearning.environments.gym.locobot.nav_grasp_envs.LocobotNavigationVacuumRNDPerturbationEnv object at 0x7fb734b7c890>},
[2m[36m(pid=11806)[0m  
[2m[36m(pid=11806)[0m 'pregrasp_pos': array([0.42 , 0.   , 0.185]),
[2m[36m(pid=11806)[0m  'renders': False,
[2m[36m(pid=11806)[0m  'replace_grasped_object': False,
[2m[36m(pid=11806)[0m  'rnd_batch_size': 50,
[2m[36m(pid=11806)[0m  'rnd_lr': 0.0001,
[2m[36m(pid=11806)[0m  'rnd_min_samples_before_train': 200,
[2m[36m(pid=11806)[0m  'rnd_train_frequency': 5,
[2m[36m(pid=11806)[0m  'room_name': 'simple',
[2m[36m(pid=11806)[0m  'room_params': {'no_spawn_radius': 0.55,
[2m[36m(pid=11806)[0m                  'num_objects': 100,
[2m[36m(pid=11806)[0m                  'object_name': 'greensquareball',
[2m[36m(pid=11806)[0m                  'wall_size': 5.0},
[2m[36m(pid=11806)[0m  'self': <softlearning.environments.gym.locobot.nav_grasp_envs.LocobotNavigationVacuumRNDPerturbationEnv object at 0x7fb734b7c890>,
[2m[36m(pid=11806)[0m  'start_arm_joints': array([ 0.  , -1.3 ,  1.58,  0.8 ]),
[2m[36m(pid=11806)[0m  'step_duration': 0.016666666666666666,
[2m[36m(pid=11806)[0m  'steps_per_second': 2,
[2m[36m(pid=11806)[0m  'trajectory_log_dir': '/home/externalhardrive/RAIL/mobilemanipulation-tf2/nohup_output/nav_vacuum_rnd_perturbation_edison_1_traj/',
[2m[36m(pid=11806)[0m  'trajectory_log_freq': 1000,
[2m[36m(pid=11806)[0m  'urdf_name': 'locobot'}
[2m[36m(pid=11806)[0m 
[2m[36m(pid=11806)[0m RoomEnv params: {'renders': False, 'grayscale': False, 'step_duration': 0.016666666666666666, 'start_arm_joints': array([ 0.  , -1.3 ,  1.58,  0.8 ]), 'pregrasp_pos': array([0.42 , 0.   , 0.185]), 'down_quat': array([0.        , 0.70710678, 0.        , 0.70710678]), 'camera_look_pos': array([0.5, 0. , 0.2]), 'image_size': 100, 'camera_fov': 55, 'urdf_name': 'locobot', 'room_name': 'simple', 'room_params': {'num_objects': 100, 'object_name': 'greensquareball', 'no_spawn_radius': 0.55, 'wall_size': 5.0}, 'trajectory_log_dir': '/home/externalhardrive/RAIL/mobilemanipulation-tf2/nohup_output/nav_vacuum_rnd_perturbation_edison_1_traj/', 'trajectory_log_freq': 1000, 'replace_grasped_object': False, 'max_ep_len': inf, 'steps_per_second': 2, 'max_velocity': 20.0, 'max_acceleration': 4.0, 'observation_space': Dict(current_velocity:Box(2,)), 'action_dim': 2, 'action_space': DiscreteBox(OrderedDict([('move', 2), ('vacuum', 0)])), 'is_training': True, 'rnd_lr': 0.0001, 'rnd_batch_size': 50, 'rnd_min_samples_before_train': 200, 'rnd_train_frequency': 5, 'perturbation_params': {'env': <softlearning.environments.gym.locobot.nav_grasp_envs.LocobotNavigationVacuumRNDPerturbationEnv object at 0x7fb734b7c890>}}
[2m[36m(pid=11806)[0m BaseNavigationEnv params: {'renders': False, 'grayscale': False, 'step_duration': 0.016666666666666666, 'start_arm_joints': array([ 0.  , -1.3 ,  1.58,  0.8 ]), 'pregrasp_pos': array([0.42 , 0.   , 0.185]), 'down_quat': array([0.        , 0.70710678, 0.        , 0.70710678]), 'camera_look_pos': array([0.5, 0. , 0.2]), 'image_size': 100, 'camera_fov': 55, 'urdf_name': 'locobot', 'room_name': 'simple', 'room_params': {'num_objects': 100, 'object_name': 'greensquareball', 'no_spawn_radius': 0.55, 'wall_size': 5.0}, 'trajectory_log_dir': '/home/externalhardrive/RAIL/mobilemanipulation-tf2/nohup_output/nav_vacuum_rnd_perturbation_edison_1_traj/', 'trajectory_log_freq': 1000, 'replace_grasped_object': False, 'max_ep_len': inf, 'steps_per_second': 2, 'max_velocity': 20.0, 'max_acceleration': 4.0, 'observation_space': Dict(current_velocity:Box(2,)), 'action_dim': 2, 'action_space': DiscreteBox(OrderedDict([('move', 2), ('vacuum', 0)])), 'is_training': True, 'rnd_lr': 0.0001, 'rnd_batch_size': 50, 'rnd_min_samples_before_train': 200, 'rnd_train_frequency': 5, 'perturbation_params': {'env': <softlearning.environments.gym.locobot.nav_grasp_envs.LocobotNavigationVacuumRNDPerturbationEnv object at 0x7fb734b7c890>}}
[2m[36m(pid=11806)[0m MixedLocobotNavigationEnv params: {'renders': False, 'grayscale': False, 'step_duration': 0.016666666666666666, 'start_arm_joints': array([ 0.  , -1.3 ,  1.58,  0.8 ]), 'pregrasp_pos': array([0.42 , 0.   , 0.185]), 'down_quat': array([0.        , 0.70710678, 0.        , 0.70710678]), 'camera_look_pos': array([0.5, 0. , 0.2]), 'image_size': 100, 'camera_fov': 55, 'urdf_name': 'locobot', 'room_name': 'simple', 'room_params': {'num_objects': 100, 'object_name': 'greensquareball', 'no_spawn_radius': 0.55, 'wall_size': 5.0}, 'trajectory_log_dir': '/home/externalhardrive/RAIL/mobilemanipulation-tf2/nohup_output/nav_vacuum_rnd_perturbation_edison_1_traj/', 'trajectory_log_freq': 1000, 'replace_grasped_object': False, 'max_ep_len': inf, 'steps_per_second': 2, 'max_velocity': 20.0, 'max_acceleration': 4.0, 'observation_space': Dict(current_velocity:Box(2,)), 'action_dim': 2, 'action_space': DiscreteBox(OrderedDict([('move', 2), ('vacuum', 0)])), 'is_training': True, 'rnd_lr': 0.0001, 'rnd_batch_size': 50, 'rnd_min_samples_before_train': 200, 'rnd_train_frequency': 5, 'perturbation_params': {'env': <softlearning.environments.gym.locobot.nav_grasp_envs.LocobotNavigationVacuumRNDPerturbationEnv object at 0x7fb734b7c890>}}
[2m[36m(pid=11806)[0m LocobotNavigationVacuumEnv params: {'renders': False, 'grayscale': False, 'step_duration': 0.016666666666666666, 'start_arm_joints': array([ 0.  , -1.3 ,  1.58,  0.8 ]), 'pregrasp_pos': array([0.42 , 0.   , 0.185]), 'down_quat': array([0.        , 0.70710678, 0.        , 0.70710678]), 'camera_look_pos': array([0.5, 0. , 0.2]), 'image_size': 100, 'camera_fov': 55, 'urdf_name': 'locobot', 'room_name': 'simple', 'room_params': {'num_objects': 100, 'object_name': 'greensquareball', 'no_spawn_radius': 0.55, 'wall_size': 5.0}, 'trajectory_log_dir': '/home/externalhardrive/RAIL/mobilemanipulation-tf2/nohup_output/nav_vacuum_rnd_perturbation_edison_1_traj/', 'trajectory_log_freq': 1000, 'replace_grasped_object': False, 'max_ep_len': inf, 'steps_per_second': 2, 'max_velocity': 20.0, 'max_acceleration': 4.0, 'observation_space': Dict(current_velocity:Box(2,)), 'action_dim': 2, 'action_space': DiscreteBox(OrderedDict([('move', 2), ('vacuum', 0)])), 'is_training': True, 'rnd_lr': 0.0001, 'rnd_batch_size': 50, 'rnd_min_samples_before_train': 200, 'rnd_train_frequency': 5, 'perturbation_params': {'env': <softlearning.environments.gym.locobot.nav_grasp_envs.LocobotNavigationVacuumRNDPerturbationEnv object at 0x7fb734b7c890>}}
[2m[36m(pid=11806)[0m LocobotNavigationVacuumRNDPerturbationEnv params: {'renders': False, 'grayscale': False, 'step_duration': 0.016666666666666666, 'start_arm_joints': array([ 0.  , -1.3 ,  1.58,  0.8 ]), 'pregrasp_pos': array([0.42 , 0.   , 0.185]), 'down_quat': array([0.        , 0.70710678, 0.        , 0.70710678]), 'camera_look_pos': array([0.5, 0. , 0.2]), 'image_size': 100, 'camera_fov': 55, 'urdf_name': 'locobot', 'room_name': 'simple', 'room_params': {'num_objects': 100, 'object_name': 'greensquareball', 'no_spawn_radius': 0.55, 'wall_size': 5.0}, 'trajectory_log_dir': '/home/externalhardrive/RAIL/mobilemanipulation-tf2/nohup_output/nav_vacuum_rnd_perturbation_edison_1_traj/', 'trajectory_log_freq': 1000, 'replace_grasped_object': False, 'max_ep_len': inf, 'steps_per_second': 2, 'max_velocity': 20.0, 'max_acceleration': 4.0, 'observation_space': Dict(current_velocity:Box(2,)), 'action_dim': 2, 'action_space': DiscreteBox(OrderedDict([('move', 2), ('vacuum', 0)])), 'is_training': True, 'rnd_lr': 0.0001, 'rnd_batch_size': 50, 'rnd_min_samples_before_train': 200, 'rnd_train_frequency': 5, 'perturbation_params': {'env': <softlearning.environments.gym.locobot.nav_grasp_envs.LocobotNavigationVacuumRNDPerturbationEnv object at 0x7fb734b7c890>}}
[2m[36m(pid=11806)[0m LocobotRNDPerturbation params: {'num_steps': 40, 'batch_size': 50, 'min_samples_before_train': 50, 'buffer_size': 200, 'reward_scale': 10.0, 'env': <softlearning.environments.gym.locobot.nav_grasp_envs.LocobotNavigationVacuumRNDPerturbationEnv object at 0x7fb734b7c890>, 'observation_space': Dict(pixels:Box(100, 100, 3), current_velocity:Box(2,), holding_object:Box(1,)), 'action_space': DiscreteBox(OrderedDict([('move', 2), ('drop', 0)]))}
[2m[36m(pid=11806)[0m 
[2m[36m(pid=11806)[0m GymAdapter params:
[2m[36m(pid=11806)[0m {'args': (),
[2m[36m(pid=11806)[0m  'domain': 'Locobot',
[2m[36m(pid=11806)[0m  'env': None,
[2m[36m(pid=11806)[0m  'goal_keys': (),
[2m[36m(pid=11806)[0m  'kwargs': {'image_size': 100,
[2m[36m(pid=11806)[0m             'is_training': False,
[2m[36m(pid=11806)[0m             'max_ep_len': 200,
[2m[36m(pid=11806)[0m             'max_velocity': 20.0,
[2m[36m(pid=11806)[0m             'renders': False,
[2m[36m(pid=11806)[0m             'room_name': 'simple',
[2m[36m(pid=11806)[0m             'room_params': {'no_spawn_radius': 0.55,
[2m[36m(pid=11806)[0m                             'num_objects': 100,
[2m[36m(pid=11806)[0m                             'object_name': 'greensquareball',
[2m[36m(pid=11806)[0m                             'wall_size': 5.0},
[2m[36m(pid=11806)[0m             'steps_per_second': 2,
[2m[36m(pid=11806)[0m             'trajectory_log_dir': None,
[2m[36m(pid=11806)[0m             'trajectory_log_freq': 0},
[2m[36m(pid=11806)[0m  'normalize': True,
[2m[36m(pid=11806)[0m  'observation_keys': (),
[2m[36m(pid=11806)[0m  'pixel_wrapper_kwargs': {'pixels_only': False},
[2m[36m(pid=11806)[0m  'reset_free': False,
[2m[36m(pid=11806)[0m  'self': <softlearning.environments.adapters.gym_adapter.GymAdapter object at 0x7fb734764490>,
[2m[36m(pid=11806)[0m  'task': 'NavigationVacuumRNDPerturbation-v0',
[2m[36m(pid=11806)[0m  'unwrap_time_limit': True}
[2m[36m(pid=11806)[0m 
[2m[36m(pid=11806)[0m 
[2m[36m(pid=11806)[0m LocobotInterface params:
[2m[36m(pid=11806)[0m {'action_dim': 2,
[2m[36m(pid=11806)[0m  'action_space': DiscreteBox(OrderedDict([('move', 2), ('vacuum', 0)])),
[2m[36m(pid=11806)[0m  'camera_fov': 55,
[2m[36m(pid=11806)[0m  'camera_look_pos': array([0.5, 0. , 0.2]),
[2m[36m(pid=11806)[0m  'down_quat': array([0.        , 0.70710678, 0.        , 0.70710678]),
[2m[36m(pid=11806)[0m  'grayscale': False,
[2m[36m(pid=11806)[0m  'image_size': 100,
[2m[36m(pid=11806)[0m  'is_training': False,
[2m[36m(pid=11806)[0m  'max_acceleration': 4.0,
[2m[36m(pid=11806)[0m  'max_ep_len': 200,
[2m[36m(pid=11806)[0m  'max_velocity': 20.0,
[2m[36m(pid=11806)[0m  'observation_space': Dict(current_velocity:Box(2,)),
[2m[36m(pid=11806)[0m  'perturbation_params': {'env': <softlearning.environments.gym.locobot.nav_grasp_envs.LocobotNavigationVacuumRNDPerturbationEnv object at 0x7fb600251410>},
[2m[36m(pid=11806)[0m  'pregrasp_pos': array([0.42 , 0.   , 0.185]),
[2m[36m(pid=11806)[0m  'renders': False,
[2m[36m(pid=11806)[0m  'replace_grasped_object': False,
[2m[36m(pid=11806)[0m  'rnd_batch_size': 50,
[2m[36m(pid=11806)[0m  'rnd_lr': 0.0001,
[2m[36m(pid=11806)[0m  'rnd_min_samples_before_train': 200,
[2m[36m(pid=11806)[0m  'rnd_train_frequency': 5,
[2m[36m(pid=11806)[0m  'room_name': 'simple',
[2m[36m(pid=11806)[0m  'room_params': {'no_spawn_radius': 0.55,
[2m[36m(pid=11806)[0m                  'num_objects': 100,
[2m[36m(pid=11806)[0m                  'object_name': 'greensquareball',
[2m[36m(pid=11806)[0m                  'wall_size': 5.0},
[2m[36m(pid=11806)[0m  'self': <softlearning.environments.gym.locobot.locobot_interface.PybulletInterface object at 0x7fb60024d4d0>,
[2m[36m(pid=11806)[0m  'start_arm_joints': array([ 0.  , -1.3 ,  1.58,  0.8 ]),
[2m[36m(pid=11806)[0m  'step_duration': 0.016666666666666666,
[2m[36m(pid=11806)[0m  'steps_per_second': 2,
[2m[36m(pid=11806)[0m  'trajectory_log_dir': None,
[2m[36m(pid=11806)[0m  'trajectory_log_freq': 0,
[2m[36m(pid=11806)[0m  'urdf_name': 'locobot'}
[2m[36m(pid=11806)[0m 
[2m[36m(pid=11806)[0m options= 
[2m[36m(pid=11806)[0m argv[0]=
[2m[36m(pid=11806)[0m b3Warning[examples/Importers/ImportURDFDemo/BulletUrdfImporter.cpp,126]:
[2m[36m(pid=11806)[0m No inertial data for link, using mass=1, localinertiadiagonal = 1,1,1, identity local inertial frameb3Warning[examples/Importers/ImportURDFDemo/BulletUrdfImporter.cpp,126]:
[2m[36m(pid=11806)[0m base_footprint
[2m[36m(pid=11806)[0m 
[2m[36m(pid=11806)[0m LocobotBaseEnv params:
[2m[36m(pid=11806)[0m {'action_dim': 2,
[2m[36m(pid=11806)[0m  'action_space': DiscreteBox(OrderedDict([('move', 2), ('vacuum', 0)])),
[2m[36m(pid=11806)[0m  'camera_fov': 55,
[2m[36m(pid=11806)[0m  'camera_look_pos': array([0.5, 0. , 0.2]),
[2m[36m(pid=11806)[0m  'down_quat': array([0.        , 0.70710678, 0.        , 0.70710678]),
[2m[36m(pid=11806)[0m  'grayscale': False,
[2m[36m(pid=11806)[0m  'image_size': 100,
[2m[36m(pid=11806)[0m  'is_training': False,
[2m[36m(pid=11806)[0m  'max_acceleration': 4.0,
[2m[36m(pid=11806)[0m  'max_ep_len': 200,
[2m[36m(pid=11806)[0m  'max_velocity': 20.0,
[2m[36m(pid=11806)[0m  'observation_space': Dict(current_velocity:Box(2,)),
[2m[36m(pid=11806)[0m  'perturbation_params': {'env': <softlearning.environments.gym.locobot.nav_grasp_envs.LocobotNavigationVacuumRNDPerturbationEnv object at 0x7fb600251410>},
[2m[36m(pid=11806)[0m  'pregrasp_pos': array([0.42 , 0.   , 0.185]),
[2m[36m(pid=11806)[0m  'renders': False,
[2m[36m(pid=11806)[0m  'replace_grasped_object': False,
[2m[36m(pid=11806)[0m  'rnd_batch_size': 50,
[2m[36m(pid=11806)[0m  'rnd_lr': 0.0001,
[2m[36m(pid=11806)[0m  'rnd_min_samples_before_train': 200,
[2m[36m(pid=11806)[0m  'rnd_train_frequency': 5,
[2m[36m(pid=11806)[0m  'room_name': 'simple',
[2m[36m(pid=11806)[0m  'room_params': {'no_spawn_radius': 0.55,
[2m[36m(pid=11806)[0m                  'num_objects': 100,
[2m[36m(pid=11806)[0m                  'object_name': 'greensquareball',
[2m[36m(pid=11806)[0m                  'wall_size': 5.0},
[2m[36m(pid=11806)[0m  'self': <softlearning.environments.gym.locobot.nav_grasp_envs.LocobotNavigationVacuumRNDPerturbationEnv object at 0x7fb600251410>,
[2m[36m(pid=11806)[0m  'start_arm_joints': array([ 0.  , -1.3 ,  1.58,  0.8 ]),
[2m[36m(pid=11806)[0m  'step_duration': 0.016666666666666666,
[2m[36m(pid=11806)[0m  'steps_per_second': 2,
[2m[36m(pid=11806)[0m  'trajectory_log_dir': None,
[2m[36m(pid=11806)[0m  'trajectory_log_freq': 0,
[2m[36m(pid=11806)[0m  'urdf_name': 'locobot'}
[2m[36m(pid=11806)[0m 
[2m[36m(pid=11806)[0m RoomEnv params: {'renders': False, 'grayscale': False, 'step_duration': 0.016666666666666666, 'start_arm_joints': array([ 0.  , -1.3 ,  1.58,  0.8 ]), 'pregrasp_pos': array([0.42 , 0.   , 0.185]), 'down_quat': array([0.        , 0.70710678, 0.        , 0.70710678]), 'camera_look_pos': array([0.5, 0. , 0.2]), 'image_size': 100, 'camera_fov': 55, 'urdf_name': 'locobot', 'room_name': 'simple', 'room_params': {'num_objects': 100, 'object_name': 'greensquareball', 'no_spawn_radius': 0.55, 'wall_size': 5.0}, 'trajectory_log_dir': None, 'trajectory_log_freq': 0, 'replace_grasped_object': False, 'max_ep_len': 200, 'steps_per_second': 2, 'max_velocity': 20.0, 'max_acceleration': 4.0, 'observation_space': Dict(current_velocity:Box(2,)), 'action_dim': 2, 'action_space': DiscreteBox(OrderedDict([('move', 2), ('vacuum', 0)])), 'is_training': False, 'rnd_lr': 0.0001, 'rnd_batch_size': 50, 'rnd_min_samples_before_train': 200, 'rnd_train_frequency': 5, 'perturbation_params': {'env': <softlearning.environments.gym.locobot.nav_grasp_envs.LocobotNavigationVacuumRNDPerturbationEnv object at 0x7fb600251410>}}
[2m[36m(pid=11806)[0m BaseNavigationEnv params: {'renders': False, 'grayscale': False, 'step_duration': 0.016666666666666666, 'start_arm_joints': array([ 0.  , -1.3 ,  1.58,  0.8 ]), 'pregrasp_pos': array([0.42 , 0.   , 0.185]), 'down_quat': array([0.        , 0.70710678, 0.        , 0.70710678]), 'camera_look_pos': array([0.5, 0. , 0.2]), 'image_size': 100, 'camera_fov': 55, 'urdf_name': 'locobot', 'room_name': 'simple', 'room_params': {'num_objects': 100, 'object_name': 'greensquareball', 'no_spawn_radius': 0.55, 'wall_size': 5.0}, 'trajectory_log_dir': None, 'trajectory_log_freq': 0, 'replace_grasped_object': False, 'max_ep_len': 200, 'steps_per_second': 2, 'max_velocity': 20.0, 'max_acceleration': 4.0, 'observation_space': Dict(current_velocity:Box(2,)), 'action_dim': 2, 'action_space': DiscreteBox(OrderedDict([('move', 2), ('vacuum', 0)])), 'is_training': False, 'rnd_lr': 0.0001, 'rnd_batch_size': 50, 'rnd_min_samples_before_train': 200, 'rnd_train_frequency': 5, 'perturbation_params': {'env': <softlearning.environments.gym.locobot.nav_grasp_envs.LocobotNavigationVacuumRNDPerturbationEnv object at 0x7fb600251410>}}
[2m[36m(pid=11806)[0m MixedLocobotNavigationEnv params: {'renders': False, 'grayscale': False, 'step_duration': 0.016666666666666666, 'start_arm_joints': array([ 0.  , -1.3 ,  1.58,  0.8 ]), 'pregrasp_pos': array([0.42 , 0.   , 0.185]), 'down_quat': array([0.        , 0.70710678, 0.        , 0.70710678]), 'camera_look_pos': array([0.5, 0. , 0.2]), 'image_size': 100, 'camera_fov': 55, 'urdf_name': 'locobot', 'room_name': 'simple', 'room_params': {'num_objects': 100, 'object_name': 'greensquareball', 'no_spawn_radius': 0.55, 'wall_size': 5.0}, 'trajectory_log_dir': None, 'trajectory_log_freq': 0, 'replace_grasped_object': False, 'max_ep_len': 200, 'steps_per_second': 2, 'max_velocity': 20.0, 'max_acceleration': 4.0, 'observation_space': Dict(current_velocity:Box(2,)), 'action_dim': 2, 'action_space': DiscreteBox(OrderedDict([('move', 2), ('vacuum', 0)])), 'is_training': False, 'rnd_lr': 0.0001, 'rnd_batch_size': 50, 'rnd_min_samples_before_train': 200, 'rnd_train_frequency': 5, 'perturbation_params': {'env': <softlearning.environments.gym.locobot.nav_grasp_envs.LocobotNavigationVacuumRNDPerturbationEnv object at 0x7fb600251410>}}
[2m[36m(pid=11806)[0m LocobotNavigationVacuumEnv params: {'renders': False, 'grayscale': False, 'step_duration': 0.016666666666666666, 'start_arm_joints': array([ 0.  , -1.3 ,  1.58,  0.8 ]), 'pregrasp_pos': array([0.42 , 0.   , 0.185]), 'down_quat': array([0.        , 0.70710678, 0.        , 0.70710678]), 'camera_look_pos': array([0.5, 0. , 0.2]), 'image_size': 100, 'camera_fov': 55, 'urdf_name': 'locobot', 'room_name': 'simple', 'room_params': {'num_objects': 100, 'object_name': 'greensquareball', 'no_spawn_radius': 0.55, 'wall_size': 5.0}, 'trajectory_log_dir': None, 'trajectory_log_freq': 0, 'replace_grasped_object': False, 'max_ep_len': 200, 'steps_per_second': 2, 'max_velocity': 20.0, 'max_acceleration': 4.0, 'observation_space': Dict(current_velocity:Box(2,)), 'action_dim': 2, 'action_space': DiscreteBox(OrderedDict([('move', 2), ('vacuum', 0)])), 'is_training': False, 'rnd_lr': 0.0001, 'rnd_batch_size': 50, 'rnd_min_samples_before_train': 200, 'rnd_train_frequency': 5, 'perturbation_params': {'env': <softlearning.environments.gym.locobot.nav_grasp_envs.LocobotNavigationVacuumRNDPerturbationEnv object at 0x7fb600251410>}}
[2m[36m(pid=11806)[0m LocobotNavigationVacuumRNDPerturbationEnv params: {'renders': False, 'grayscale': False, 'step_duration': 0.016666666666666666, 'start_arm_joints': array([ 0.  , -1.3 ,  1.58,  0.8 ]), 'pregrasp_pos': array([0.42 , 0.   , 0.185]), 'down_quat': array([0.        , 0.70710678, 0.        , 0.70710678]), 'camera_look_pos': array([0.5, 0. , 0.2]), 'image_size': 100, 'camera_fov': 55, 'urdf_name': 'locobot', 'room_name': 'simple', 'room_params': {'num_objects': 100, 'object_name': 'greensquareball', 'no_spawn_radius': 0.55, 'wall_size': 5.0}, 'trajectory_log_dir': None, 'trajectory_log_freq': 0, 'replace_grasped_object': False, 'max_ep_len': 200, 'steps_per_second': 2, 'max_velocity': 20.0, 'max_acceleration': 4.0, 'observation_space': Dict(current_velocity:Box(2,)), 'action_dim': 2, 'action_space': DiscreteBox(OrderedDict([('move', 2), ('vacuum', 0)])), 'is_training': False, 'rnd_lr': 0.0001, 'rnd_batch_size': 50, 'rnd_min_samples_before_train': 200, 'rnd_train_frequency': 5, 'perturbation_params': {'env': <softlearning.environments.gym.locobot.nav_grasp_envs.LocobotNavigationVacuumRNDPerturbationEnv object at 0x7fb600251410>}}
[2m[36m(pid=11806)[0m 
[2m[36m(pid=11806)[0m DiscreteGaussianPolicy params:
[2m[36m(pid=11806)[0m {'args': (),
[2m[36m(pid=11806)[0m  'kwargs': {'input_shapes': OrderedDict([('current_velocity', TensorShape([2])),
[2m[36m(pid=11806)[0m                                          ('pixels',
[2m[36m(pid=11806)[0m                                           TensorShape([100, 100, 3]))]),
[2m[36m(pid=11806)[0m             'observation_keys': None,
[2m[36m(pid=11806)[0m             'output_shape': TensorShape([4]),
[2m[36m(pid=11806)[0m             'preprocessors': {'pixels': {'class_name': 'convnet_preprocessor',
[2m[36m(pid=11806)[0m                                          'config': {'conv_filters': (64,
[2m[36m(pid=11806)[0m                                                                      64,
[2m[36m(pid=11806)[0m                                                                      64),
[2m[36m(pid=11806)[0m                                                     'conv_kernel_sizes': (3,
[2m[36m(pid=11806)[0m                                                                           3,
[2m[36m(pid=11806)[0m                                                                           3),
[2m[36m(pid=11806)[0m                                                     'conv_strides': (2, 2, 2),
[2m[36m(pid=11806)[0m                                                     'downsampling_type': 'conv',
[2m[36m(pid=11806)[0m                                                     'name': 'convnet_preprocessor_pixels',
[2m[36m(pid=11806)[0m                                                     'normalization_type': None}}}},
[2m[36m(pid=11806)[0m  'num_discrete': 2,
[2m[36m(pid=11806)[0m  'num_gaussian': 2}
[2m[36m(pid=11806)[0m FeedforwardDiscreteGaussianPolicy (extra) params:
[2m[36m(pid=11806)[0m {'activation': 'relu',
[2m[36m(pid=11806)[0m  'hidden_layer_sizes': (512, 512),
[2m[36m(pid=11806)[0m  'output_activation': 'linear'}
[2m[36m(pid=11806)[0m 
[2m[36m(pid=11806)[0m 
[2m[36m(pid=11806)[0m SACMixed params:
[2m[36m(pid=11806)[0m {'Q_lr': 0.0003,
[2m[36m(pid=11806)[0m  'Qs': (<softlearning.value_functions.base_value_function.StateActionValueFunction object at 0x7fb60034bcd0>,
[2m[36m(pid=11806)[0m         <softlearning.value_functions.base_value_function.StateActionValueFunction object at 0x7fb60028f550>),
[2m[36m(pid=11806)[0m  'alpha_lr': 0.0003,
[2m[36m(pid=11806)[0m  'discount': 0.95,
[2m[36m(pid=11806)[0m  'discrete_entropy_ratio_end': 0.55,
[2m[36m(pid=11806)[0m  'discrete_entropy_ratio_start': 0.55,
[2m[36m(pid=11806)[0m  'discrete_entropy_timesteps': 60000,
[2m[36m(pid=11806)[0m  'evaluation_environment': <softlearning.environments.adapters.gym_adapter.GymAdapter object at 0x7fb734764490>,
[2m[36m(pid=11806)[0m  'kwargs': {'batch_size': 256,
[2m[36m(pid=11806)[0m             'epoch_length': 1000,
[2m[36m(pid=11806)[0m             'eval_n_episodes': 1,
[2m[36m(pid=11806)[0m             'eval_render_kwargs': {},
[2m[36m(pid=11806)[0m             'min_pool_size': 200,
[2m[36m(pid=11806)[0m             'n_epochs': 200,
[2m[36m(pid=11806)[0m             'n_train_repeat': 1,
[2m[36m(pid=11806)[0m             'num_warmup_samples': 1000,
[2m[36m(pid=11806)[0m             'pool': <softlearning.replay_pools.simple_replay_pool.SimpleReplayPool object at 0x7fb5ff9d8510>,
[2m[36m(pid=11806)[0m             'sampler': <softlearning.samplers.simple_sampler.SimpleSampler object at 0x7fb5ffa2e310>,
[2m[36m(pid=11806)[0m             'train_every_n_steps': 1},
[2m[36m(pid=11806)[0m  'plotter': None,
[2m[36m(pid=11806)[0m  'policy': <softlearning.policies.discrete_gaussian_policy.FeedforwardDiscreteGaussianPolicy object at 0x7fb60028f3d0>,
[2m[36m(pid=11806)[0m  'policy_lr': 0.0003,
[2m[36m(pid=11806)[0m  'reward_scale': 1.0,
[2m[36m(pid=11806)[0m  'save_full_state': False,
[2m[36m(pid=11806)[0m  'self': <softlearning.algorithms.sac_mixed.SACMixed object at 0x7fb5ff9d8250>,
[2m[36m(pid=11806)[0m  'target_entropy': 'auto',
[2m[36m(pid=11806)[0m  'target_update_interval': 1,
[2m[36m(pid=11806)[0m  'tau': 0.005,
[2m[36m(pid=11806)[0m  'training_environment': <softlearning.environments.adapters.gym_adapter.GymAdapter object at 0x7fb7347644d0>}
[2m[36m(pid=11806)[0m 
[2m[36m(pid=11806)[0m SACMixed members:
[2m[36m(pid=11806)[0m {'_Q_targets': (<softlearning.value_functions.base_value_function.StateActionValueFunction object at 0x7fb5ff9d8ad0>,
[2m[36m(pid=11806)[0m                 <softlearning.value_functions.base_value_function.StateActionValueFunction object at 0x7fb5ff9d8e50>),
[2m[36m(pid=11806)[0m  '_target_entropy_continuous': -2,
[2m[36m(pid=11806)[0m  '_target_entropy_discrete_max': 0.6931471805599453}
[2m[36m(pid=11806)[0m 
[2m[36m(pid=11806)[0m 
[2m[36m(pid=11806)[0m DiscreteGaussianPolicy params:
[2m[36m(pid=11806)[0m {'args': (),
[2m[36m(pid=11806)[0m  'kwargs': {'input_shapes': OrderedDict([('pixels', TensorShape([100, 100, 3])),
[2m[36m(pid=11806)[0m                                          ('current_velocity', TensorShape([2])),
[2m[36m(pid=11806)[0m                                          ('holding_object', TensorShape([1]))]),
[2m[36m(pid=11806)[0m             'observation_keys': None,
[2m[36m(pid=11806)[0m             'output_shape': TensorShape([4]),
[2m[36m(pid=11806)[0m             'preprocessors': {'pixels': {'class_name': 'convnet_preprocessor',
[2m[36m(pid=11806)[0m                                          'config': {'conv_filters': (64,
[2m[36m(pid=11806)[0m                                                                      64,
[2m[36m(pid=11806)[0m                                                                      64),
[2m[36m(pid=11806)[0m                                                     'conv_kernel_sizes': (3,
[2m[36m(pid=11806)[0m                                                                           3,
[2m[36m(pid=11806)[0m                                                                           3),
[2m[36m(pid=11806)[0m                                                     'conv_strides': (2, 2, 2),
[2m[36m(pid=11806)[0m                                                     'downsampling_type': 'conv',
[2m[36m(pid=11806)[0m                                                     'name': 'convnet_preprocessor_pixels',
[2m[36m(pid=11806)[0m                                                     'normalization_type': None}}}},
[2m[36m(pid=11806)[0m  'num_discrete': 2,
[2m[36m(pid=11806)[0m  'num_gaussian': 2}
[2m[36m(pid=11806)[0m FeedforwardDiscreteGaussianPolicy (extra) params:
[2m[36m(pid=11806)[0m {'activation': 'relu',
[2m[36m(pid=11806)[0m  'hidden_layer_sizes': (512, 512),
[2m[36m(pid=11806)[0m  'output_activation': 'linear'}
[2m[36m(pid=11806)[0m 
[2m[36m(pid=11806)[0m Model: "feedforward_Q"
[2m[36m(pid=11806)[0m __________________________________________________________________________________________________